# JRE version: OpenJDK Runtime Environment Temurin-21.0.12.1+1 (21.0.12.1+1) (build 21.0.12.1+1-LTS)
# Java VM: OpenJDK 64-Bit Server VM Temurin-21.0.12.1+1 (21.0.12.1+1-LTS, mixed mode, sharing, tiered, compressed oops, compressed class ptrs, parallel gc, windows-amd64)
GC Precious Log:
 CardTable entry size: 512
 CPUs: 12 total, 12 available
 Memory: 16087M
 Large Page Support: Disabled
 NUMA Support: Disabled
 Compressed Oops: Enabled (32-bit)
 Alignments: Space 512K, Generation 512K, Heap 2M
 Heap Min Capacity: 100M
 Heap Initial Capacity: 100M
 Heap Max Capacity: 2G
 Pre-touch: Disabled
 Parallel Workers: 10
Heap:
 PSYoungGen      total 8704K, used 4142K [0x00000000d5580000, 0x00000000d5f80000, 0x0000000100000000)
  eden space 7168K, 38% used [0x00000000d5580000,0x00000000d5834190,0x00000000d5c80000)
  from space 1536K, 89% used [0x00000000d5e00000,0x00000000d5f57740,0x00000000d5f80000)
  to   space 1536K, 0% used [0x00000000d5c80000,0x00000000d5c80000,0x00000000d5e00000)
 ParOldGen       total 117760K, used 89209K [0x0000000080000000, 0x0000000087300000, 0x00000000d5580000)
  object space 117760K, 75% used [0x0000000080000000,0x000000008571e5a0,0x0000000087300000)
 Metaspace       used 59334K, committed 60672K, reserved 1114112K
  class space    used 6380K, committed 6976K, reserved 1048576K
GC Heap History (20 events):
Event: 27.254 GC heap before
{Heap before GC invocations=64 (full 2):
 PSYoungGen      total 9216K, used 9202K [0x00000000d5580000, 0x00000000d6400000, 0x0000000100000000)
  eden space 7680K, 100% used [0x00000000d5580000,0x00000000d5d00000,0x00000000d5d00000)
  from space 1536K, 99% used [0x00000000d5d00000,0x00000000d5e7ca18,0x00000000d5e80000)
  to   space 3584K, 0% used [0x00000000d6080000,0x00000000d6080000,0x00000000d6400000)
 ParOldGen       total 106496K, used 106139K [0x0000000080000000, 0x0000000086800000, 0x00000000d5580000)
  object space 106496K, 99% used [0x0000000080000000,0x00000000867a6f58,0x0000000086800000)
 Metaspace       used 56634K, committed 57856K, reserved 1114112K
  class space    used 6070K, committed 6592K, reserved 1048576K
}
Event: 27.260 GC heap after
{Heap after GC invocations=64 (full 2):
 PSYoungGen      total 9728K, used 1893K [0x00000000d5580000, 0x00000000d6280000, 0x0000000100000000)
  eden space 7680K, 0% used [0x00000000d5580000,0x00000000d5580000,0x00000000d5d00000)
  from space 2048K, 92% used [0x00000000d6080000,0x00000000d6259630,0x00000000d6280000)
  to   space 2560K, 0% used [0x00000000d5d80000,0x00000000d5d80000,0x00000000d6000000)
 ParOldGen       total 107520K, used 107517K [0x0000000080000000, 0x0000000086900000, 0x00000000d5580000)
  object space 107520K, 99% used [0x0000000080000000,0x00000000868ff598,0x0000000086900000)
 Metaspace       used 56634K, committed 57856K, reserved 1114112K
  class space    used 6070K, committed 6592K, reserved 1048576K
}
Event: 27.339 GC heap before
{Heap before GC invocations=65 (full 2):
 PSYoungGen      total 9728K, used 9573K [0x00000000d5580000, 0x00000000d6280000, 0x0000000100000000)
  eden space 7680K, 100% used [0x00000000d5580000,0x00000000d5d00000,0x00000000d5d00000)
  from space 2048K, 92% used [0x00000000d6080000,0x00000000d6259630,0x00000000d6280000)
  to   space 2560K, 0% used [0x00000000d5d80000,0x00000000d5d80000,0x00000000d6000000)
 ParOldGen       total 107520K, used 107517K [0x0000000080000000, 0x0000000086900000, 0x00000000d5580000)
  object space 107520K, 99% used [0x0000000080000000,0x00000000868ff598,0x0000000086900000)
 Metaspace       used 56934K, committed 58176K, reserved 1114112K
  class space    used 6096K, committed 6656K, reserved 1048576K
}
Event: 27.342 GC heap after
{Heap after GC invocations=65 (full 2):
 PSYoungGen      total 9728K, used 1669K [0x00000000d5580000, 0x00000000d6100000, 0x0000000100000000)
  eden space 7680K, 0% used [0x00000000d5580000,0x00000000d5580000,0x00000000d5d00000)
  from space 2048K, 81% used [0x00000000d5d80000,0x00000000d5f21598,0x00000000d5f80000)
  to   space 1536K, 0% used [0x00000000d5f80000,0x00000000d5f80000,0x00000000d6100000)
 ParOldGen       total 109568K, used 109272K [0x0000000080000000, 0x0000000086b00000, 0x00000000d5580000)
  object space 109568K, 99% used [0x0000000080000000,0x0000000086ab6380,0x0000000086b00000)
 Metaspace       used 56934K, committed 58176K, reserved 1114112K
  class space    used 6096K, committed 6656K, reserved 1048576K
}
Event: 27.494 GC heap before
{Heap before GC invocations=66 (full 2):
 PSYoungGen      total 9728K, used 9349K [0x00000000d5580000, 0x00000000d6100000, 0x0000000100000000)
  eden space 7680K, 100% used [0x00000000d5580000,0x00000000d5d00000,0x00000000d5d00000)
  from space 2048K, 81% used [0x00000000d5d80000,0x00000000d5f21598,0x00000000d5f80000)
  to   space 1536K, 0% used [0x00000000d5f80000,0x00000000d5f80000,0x00000000d6100000)
 ParOldGen       total 109568K, used 109272K [0x0000000080000000, 0x0000000086b00000, 0x00000000d5580000)
  object space 109568K, 99% used [0x0000000080000000,0x0000000086ab6380,0x0000000086b00000)
 Metaspace       used 57447K, committed 58688K, reserved 1114112K
  class space    used 6145K, committed 6656K, reserved 1048576K
}
Event: 27.496 GC heap after
{Heap after GC invocations=66 (full 2):
 PSYoungGen      total 9216K, used 1270K [0x00000000d5580000, 0x00000000d6100000, 0x0000000100000000)
  eden space 7680K, 0% used [0x00000000d5580000,0x00000000d5580000,0x00000000d5d00000)
  from space 1536K, 82% used [0x00000000d5f80000,0x00000000d60bd8d8,0x00000000d6100000)
  to   space 1536K, 0% used [0x00000000d5e00000,0x00000000d5e00000,0x00000000d5f80000)
 ParOldGen       total 111104K, used 110718K [0x0000000080000000, 0x0000000086c80000, 0x00000000d5580000)
  object space 111104K, 99% used [0x0000000080000000,0x0000000086c1fb50,0x0000000086c80000)
 Metaspace       used 57447K, committed 58688K, reserved 1114112K
  class space    used 6145K, committed 6656K, reserved 1048576K
}
Event: 27.687 GC heap before
{Heap before GC invocations=67 (full 2):
 PSYoungGen      total 9216K, used 8950K [0x00000000d5580000, 0x00000000d6100000, 0x0000000100000000)
  eden space 7680K, 100% used [0x00000000d5580000,0x00000000d5d00000,0x00000000d5d00000)
  from space 1536K, 82% used [0x00000000d5f80000,0x00000000d60bd8d8,0x00000000d6100000)
  to   space 1536K, 0% used [0x00000000d5e00000,0x00000000d5e00000,0x00000000d5f80000)
 ParOldGen       total 111104K, used 110718K [0x0000000080000000, 0x0000000086c80000, 0x00000000d5580000)
  object space 111104K, 99% used [0x0000000080000000,0x0000000086c1fb50,0x0000000086c80000)
 Metaspace       used 57743K, committed 59008K, reserved 1114112K
  class space    used 6177K, committed 6720K, reserved 1048576K
}
Event: 27.689 GC heap after
{Heap after GC invocations=67 (full 2):
 PSYoungGen      total 9216K, used 1280K [0x00000000d5580000, 0x00000000d6000000, 0x0000000100000000)
  eden space 7680K, 0% used [0x00000000d5580000,0x00000000d5580000,0x00000000d5d00000)
  from space 1536K, 83% used [0x00000000d5e00000,0x00000000d5f40000,0x00000000d5f80000)
  to   space 512K, 0% used [0x00000000d5f80000,0x00000000d5f80000,0x00000000d6000000)
 ParOldGen       total 112128K, used 111842K [0x0000000080000000, 0x0000000086d80000, 0x00000000d5580000)
  object space 112128K, 99% used [0x0000000080000000,0x0000000086d38870,0x0000000086d80000)
 Metaspace       used 57743K, committed 59008K, reserved 1114112K
  class space    used 6177K, committed 6720K, reserved 1048576K
}
Event: 27.760 GC heap before
{Heap before GC invocations=68 (full 2):
 PSYoungGen      total 9216K, used 8960K [0x00000000d5580000, 0x00000000d6000000, 0x0000000100000000)
  eden space 7680K, 100% used [0x00000000d5580000,0x00000000d5d00000,0x00000000d5d00000)
  from space 1536K, 83% used [0x00000000d5e00000,0x00000000d5f40000,0x00000000d5f80000)
  to   space 512K, 0% used [0x00000000d5f80000,0x00000000d5f80000,0x00000000d6000000)
 ParOldGen       total 112128K, used 111842K [0x0000000080000000, 0x0000000086d80000, 0x00000000d5580000)
  object space 112128K, 99% used [0x0000000080000000,0x0000000086d38870,0x0000000086d80000)
 Metaspace       used 58028K, committed 59328K, reserved 1114112K
  class space    used 6222K, committed 6784K, reserved 1048576K
}
Event: 27.764 GC heap after
{Heap after GC invocations=68 (full 2):
 PSYoungGen      total 7680K, used 512K [0x00000000d5580000, 0x00000000d6300000, 0x0000000100000000)
  eden space 7168K, 0% used [0x00000000d5580000,0x00000000d5580000,0x00000000d5c80000)
  from space 512K, 100% used [0x00000000d5f80000,0x00000000d6000000,0x00000000d6000000)
  to   space 3072K, 0% used [0x00000000d5c80000,0x00000000d5c80000,0x00000000d5f80000)
 ParOldGen       total 114176K, used 114119K [0x0000000080000000, 0x0000000086f80000, 0x00000000d5580000)
  object space 114176K, 99% used [0x0000000080000000,0x0000000086f71ef8,0x0000000086f80000)
 Metaspace       used 58028K, committed 59328K, reserved 1114112K
  class space    used 6222K, committed 6784K, reserved 1048576K
}
Event: 27.817 GC heap before
{Heap before GC invocations=69 (full 2):
 PSYoungGen      total 7680K, used 7680K [0x00000000d5580000, 0x00000000d6300000, 0x0000000100000000)
  eden space 7168K, 100% used [0x00000000d5580000,0x00000000d5c80000,0x00000000d5c80000)
  from space 512K, 100% used [0x00000000d5f80000,0x00000000d6000000,0x00000000d6000000)
  to   space 3072K, 0% used [0x00000000d5c80000,0x00000000d5c80000,0x00000000d5f80000)
 ParOldGen       total 114176K, used 114119K [0x0000000080000000, 0x0000000086f80000, 0x00000000d5580000)
  object space 114176K, 99% used [0x0000000080000000,0x0000000086f71ef8,0x0000000086f80000)
 Metaspace       used 58265K, committed 59520K, reserved 1114112K
  class space    used 6256K, committed 6784K, reserved 1048576K
}
Event: 27.819 GC heap after
{Heap after GC invocations=69 (full 2):
 PSYoungGen      total 8704K, used 1474K [0x00000000d5580000, 0x00000000d6080000, 0x0000000100000000)
  eden space 7168K, 0% used [0x00000000d5580000,0x00000000d5580000,0x00000000d5c80000)
  from space 1536K, 96% used [0x00000000d5c80000,0x00000000d5df0a88,0x00000000d5e00000)
  to   space 2048K, 0% used [0x00000000d5e80000,0x00000000d5e80000,0x00000000d6080000)
 ParOldGen       total 114688K, used 114665K [0x0000000080000000, 0x0000000087000000, 0x00000000d5580000)
  object space 114688K, 99% used [0x0000000080000000,0x0000000086ffa418,0x0000000087000000)
 Metaspace       used 58265K, committed 59520K, reserved 1114112K
  class space    used 6256K, committed 6784K, reserved 1048576K
}
Event: 27.863 GC heap before
{Heap before GC invocations=70 (full 2):
 PSYoungGen      total 8704K, used 8642K [0x00000000d5580000, 0x00000000d6080000, 0x0000000100000000)
  eden space 7168K, 100% used [0x00000000d5580000,0x00000000d5c80000,0x00000000d5c80000)
  from space 1536K, 96% used [0x00000000d5c80000,0x00000000d5df0a88,0x00000000d5e00000)
  to   space 2048K, 0% used [0x00000000d5e80000,0x00000000d5e80000,0x00000000d6080000)
 ParOldGen       total 114688K, used 114665K [0x0000000080000000, 0x0000000087000000, 0x00000000d5580000)
  object space 114688K, 99% used [0x0000000080000000,0x0000000086ffa418,0x0000000087000000)
 Metaspace       used 58387K, committed 59712K, reserved 1114112K
  class space    used 6273K, committed 6848K, reserved 1048576K
}
Event: 27.866 GC heap after
{Heap after GC invocations=70 (full 2):
 PSYoungGen      total 9216K, used 1536K [0x00000000d5580000, 0x00000000d6080000, 0x0000000100000000)
  eden space 7168K, 0% used [0x00000000d5580000,0x00000000d5580000,0x00000000d5c80000)
  from space 2048K, 75% used [0x00000000d5e80000,0x00000000d60002d0,0x00000000d6080000)
  to   space 2048K, 0% used [0x00000000d5c80000,0x00000000d5c80000,0x00000000d5e80000)
 ParOldGen       total 116224K, used 115957K [0x0000000080000000, 0x0000000087180000, 0x00000000d5580000)
  object space 116224K, 99% used [0x0000000080000000,0x000000008713d5c0,0x0000000087180000)
 Metaspace       used 58387K, committed 59712K, reserved 1114112K
  class space    used 6273K, committed 6848K, reserved 1048576K
}
Event: 27.893 GC heap before
{Heap before GC invocations=71 (full 2):
 PSYoungGen      total 9216K, used 4676K [0x00000000d5580000, 0x00000000d6080000, 0x0000000100000000)
  eden space 7168K, 43% used [0x00000000d5580000,0x00000000d5890df8,0x00000000d5c80000)
  from space 2048K, 75% used [0x00000000d5e80000,0x00000000d60002d0,0x00000000d6080000)
  to   space 2048K, 0% used [0x00000000d5c80000,0x00000000d5c80000,0x00000000d5e80000)
 ParOldGen       total 116224K, used 115957K [0x0000000080000000, 0x0000000087180000, 0x00000000d5580000)
  object space 116224K, 99% used [0x0000000080000000,0x000000008713d5c0,0x0000000087180000)
 Metaspace       used 58504K, committed 59776K, reserved 1114112K
  class space    used 6278K, committed 6848K, reserved 1048576K
}
Event: 27.895 GC heap after
{Heap after GC invocations=71 (full 2):
 PSYoungGen      total 8192K, used 1008K [0x00000000d5580000, 0x00000000d5f80000, 0x0000000100000000)
  eden space 7168K, 0% used [0x00000000d5580000,0x00000000d5580000,0x00000000d5c80000)
  from space 1024K, 98% used [0x00000000d5c80000,0x00000000d5d7c1c0,0x00000000d5d80000)
  to   space 1536K, 0% used [0x00000000d5e00000,0x00000000d5e00000,0x00000000d5f80000)
 ParOldGen       total 117760K, used 117333K [0x0000000080000000, 0x0000000087300000, 0x00000000d5580000)
  object space 117760K, 99% used [0x0000000080000000,0x0000000087295520,0x0000000087300000)
 Metaspace       used 58504K, committed 59776K, reserved 1114112K
  class space    used 6278K, committed 6848K, reserved 1048576K
}
Event: 27.895 GC heap before
{Heap before GC invocations=72 (full 3):
 PSYoungGen      total 8192K, used 1008K [0x00000000d5580000, 0x00000000d5f80000, 0x0000000100000000)
  eden space 7168K, 0% used [0x00000000d5580000,0x00000000d5580000,0x00000000d5c80000)
  from space 1024K, 98% used [0x00000000d5c80000,0x00000000d5d7c1c0,0x00000000d5d80000)
  to   space 1536K, 0% used [0x00000000d5e00000,0x00000000d5e00000,0x00000000d5f80000)
 ParOldGen       total 117760K, used 117333K [0x0000000080000000, 0x0000000087300000, 0x00000000d5580000)
  object space 117760K, 99% used [0x0000000080000000,0x0000000087295520,0x0000000087300000)
 Metaspace       used 58504K, committed 59776K, reserved 1114112K
  class space    used 6278K, committed 6848K, reserved 1048576K
}
Event: 28.025 GC heap after
{Heap after GC invocations=72 (full 3):
 PSYoungGen      total 8192K, used 0K [0x00000000d5580000, 0x00000000d5f80000, 0x0000000100000000)
  eden space 7168K, 0% used [0x00000000d5580000,0x00000000d5580000,0x00000000d5c80000)
  from space 1024K, 0% used [0x00000000d5c80000,0x00000000d5c80000,0x00000000d5d80000)
  to   space 1536K, 0% used [0x00000000d5e00000,0x00000000d5e00000,0x00000000d5f80000)
 ParOldGen       total 117760K, used 89209K [0x0000000080000000, 0x0000000087300000, 0x00000000d5580000)
  object space 117760K, 75% used [0x0000000080000000,0x000000008571e5a0,0x0000000087300000)
 Metaspace       used 58500K, committed 59776K, reserved 1114112K
  class space    used 6277K, committed 6848K, reserved 1048576K
}
Event: 28.435 GC heap before
{Heap before GC invocations=73 (full 3):
 PSYoungGen      total 8192K, used 7168K [0x00000000d5580000, 0x00000000d5f80000, 0x0000000100000000)
  eden space 7168K, 100% used [0x00000000d5580000,0x00000000d5c80000,0x00000000d5c80000)
  from space 1024K, 0% used [0x00000000d5c80000,0x00000000d5c80000,0x00000000d5d80000)
  to   space 1536K, 0% used [0x00000000d5e00000,0x00000000d5e00000,0x00000000d5f80000)
 ParOldGen       total 117760K, used 89209K [0x0000000080000000, 0x0000000087300000, 0x00000000d5580000)
  object space 117760K, 75% used [0x0000000080000000,0x000000008571e5a0,0x0000000087300000)
 Metaspace       used 59123K, committed 60416K, reserved 1114112K
  class space    used 6357K, committed 6912K, reserved 1048576K
}
Event: 28.437 GC heap after
{Heap after GC invocations=73 (full 3):
 PSYoungGen      total 8704K, used 1373K [0x00000000d5580000, 0x00000000d5f80000, 0x0000000100000000)
  eden space 7168K, 0% used [0x00000000d5580000,0x00000000d5580000,0x00000000d5c80000)
  from space 1536K, 89% used [0x00000000d5e00000,0x00000000d5f57740,0x00000000d5f80000)
  to   space 1536K, 0% used [0x00000000d5c80000,0x00000000d5c80000,0x00000000d5e00000)
 ParOldGen       total 117760K, used 89209K [0x0000000080000000, 0x0000000087300000, 0x00000000d5580000)
  object space 117760K, 75% used [0x0000000080000000,0x000000008571e5a0,0x0000000087300000)
 Metaspace       used 59123K, committed 60416K, reserved 1114112K
  class space    used 6357K, committed 6912K, reserved 1048576K
}

