# JRE version: OpenJDK Runtime Environment Temurin-21.0.12.1+1 (21.0.12.1+1) (build 21.0.12.1+1-LTS)
# Java VM: OpenJDK 64-Bit Server VM Temurin-21.0.12.1+1 (21.0.12.1+1-LTS, mixed mode, sharing, tiered, compressed oops, compressed class ptrs, parallel gc, windows-amd64)
GC Precious Log:
 CardTable entry size: 512
 CPUs: 12 total, 12 available
 Memory: 16087M
 Large Page Support: Disabled
 NUMA Support: Disabled
 Compressed Oops: Enabled (32-bit)
 Alignments: Space 512K, Generation 512K, Heap 2M
 Heap Min Capacity: 100M
 Heap Initial Capacity: 100M
 Heap Max Capacity: 2G
 Pre-touch: Disabled
 Parallel Workers: 10
Heap:
 PSYoungGen      total 4096K, used 2381K [0x00000000d5580000, 0x00000000d5c80000, 0x0000000100000000)
  eden space 3072K, 54% used [0x00000000d5580000,0x00000000d5723410,0x00000000d5880000)
  from space 1024K, 68% used [0x00000000d5a80000,0x00000000d5b30040,0x00000000d5b80000)
  to   space 1024K, 0% used [0x00000000d5b80000,0x00000000d5b80000,0x00000000d5c80000)
 ParOldGen       total 606208K, used 222087K [0x0000000080000000, 0x00000000a5000000, 0x00000000d5580000)
  object space 606208K, 36% used [0x0000000080000000,0x000000008d8e1df8,0x00000000a5000000)
 Metaspace       used 80083K, committed 81856K, reserved 1179648K
  class space    used 8414K, committed 9152K, reserved 1048576K
GC Heap History (20 events):
Event: 1616.186 GC heap before
{Heap before GC invocations=374 (full 3):
 PSYoungGen      total 3584K, used 3257K [0x00000000d5580000, 0x00000000d5b00000, 0x0000000100000000)
  eden space 3072K, 99% used [0x00000000d5580000,0x00000000d587e528,0x00000000d5880000)
  from space 512K, 37% used [0x00000000d5a80000,0x00000000d5ab0000,0x00000000d5b00000)
  to   space 512K, 0% used [0x00000000d5a00000,0x00000000d5a00000,0x00000000d5a80000)
 ParOldGen       total 594432K, used 594257K [0x0000000080000000, 0x00000000a4480000, 0x00000000d5580000)
  object space 594432K, 99% used [0x0000000080000000,0x00000000a4454760,0x00000000a4480000)
 Metaspace       used 80021K, committed 81792K, reserved 1179648K
  class space    used 8413K, committed 9152K, reserved 1048576K
}
Event: 1616.187 GC heap after
{Heap after GC invocations=374 (full 3):
 PSYoungGen      total 3584K, used 224K [0x00000000d5580000, 0x00000000d5b00000, 0x0000000100000000)
  eden space 3072K, 0% used [0x00000000d5580000,0x00000000d5580000,0x00000000d5880000)
  from space 512K, 43% used [0x00000000d5a00000,0x00000000d5a38000,0x00000000d5a80000)
  to   space 512K, 0% used [0x00000000d5a80000,0x00000000d5a80000,0x00000000d5b00000)
 ParOldGen       total 594432K, used 594321K [0x0000000080000000, 0x00000000a4480000, 0x00000000d5580000)
  object space 594432K, 99% used [0x0000000080000000,0x00000000a4464760,0x00000000a4480000)
 Metaspace       used 80021K, committed 81792K, reserved 1179648K
  class space    used 8413K, committed 9152K, reserved 1048576K
}
Event: 1616.233 GC heap before
{Heap before GC invocations=375 (full 3):
 PSYoungGen      total 3584K, used 3296K [0x00000000d5580000, 0x00000000d5b00000, 0x0000000100000000)
  eden space 3072K, 100% used [0x00000000d5580000,0x00000000d5880000,0x00000000d5880000)
  from space 512K, 43% used [0x00000000d5a00000,0x00000000d5a38000,0x00000000d5a80000)
  to   space 512K, 0% used [0x00000000d5a80000,0x00000000d5a80000,0x00000000d5b00000)
 ParOldGen       total 594432K, used 594321K [0x0000000080000000, 0x00000000a4480000, 0x00000000d5580000)
  object space 594432K, 99% used [0x0000000080000000,0x00000000a4464760,0x00000000a4480000)
 Metaspace       used 80028K, committed 81792K, reserved 1179648K
  class space    used 8414K, committed 9152K, reserved 1048576K
}
Event: 1616.238 GC heap after
{Heap after GC invocations=375 (full 3):
 PSYoungGen      total 2560K, used 500K [0x00000000d5580000, 0x00000000d5e80000, 0x0000000100000000)
  eden space 2048K, 0% used [0x00000000d5580000,0x00000000d5580000,0x00000000d5780000)
  from space 512K, 97% used [0x00000000d5a80000,0x00000000d5afd1f8,0x00000000d5b00000)
  to   space 3072K, 0% used [0x00000000d5780000,0x00000000d5780000,0x00000000d5a80000)
 ParOldGen       total 596480K, used 596267K [0x0000000080000000, 0x00000000a4680000, 0x00000000d5580000)
  object space 596480K, 99% used [0x0000000080000000,0x00000000a464ae68,0x00000000a4680000)
 Metaspace       used 80028K, committed 81792K, reserved 1179648K
  class space    used 8414K, committed 9152K, reserved 1048576K
}
Event: 1616.248 GC heap before
{Heap before GC invocations=376 (full 3):
 PSYoungGen      total 2560K, used 2548K [0x00000000d5580000, 0x00000000d5e80000, 0x0000000100000000)
  eden space 2048K, 100% used [0x00000000d5580000,0x00000000d5780000,0x00000000d5780000)
  from space 512K, 97% used [0x00000000d5a80000,0x00000000d5afd1f8,0x00000000d5b00000)
  to   space 3072K, 0% used [0x00000000d5780000,0x00000000d5780000,0x00000000d5a80000)
 ParOldGen       total 596480K, used 596267K [0x0000000080000000, 0x00000000a4680000, 0x00000000d5580000)
  object space 596480K, 99% used [0x0000000080000000,0x00000000a464ae68,0x00000000a4680000)
 Metaspace       used 80028K, committed 81792K, reserved 1179648K
  class space    used 8414K, committed 9152K, reserved 1048576K
}
Event: 1616.253 GC heap after
{Heap after GC invocations=376 (full 3):
 PSYoungGen      total 4096K, used 1984K [0x00000000d5580000, 0x00000000d5c80000, 0x0000000100000000)
  eden space 2048K, 0% used [0x00000000d5580000,0x00000000d5580000,0x00000000d5780000)
  from space 2048K, 96% used [0x00000000d5780000,0x00000000d5970000,0x00000000d5980000)
  to   space 2560K, 0% used [0x00000000d5a00000,0x00000000d5a00000,0x00000000d5c80000)
 ParOldGen       total 596992K, used 596800K [0x0000000080000000, 0x00000000a4700000, 0x00000000d5580000)
  object space 596992K, 99% used [0x0000000080000000,0x00000000a46d0070,0x00000000a4700000)
 Metaspace       used 80028K, committed 81792K, reserved 1179648K
  class space    used 8414K, committed 9152K, reserved 1048576K
}
Event: 1616.262 GC heap before
{Heap before GC invocations=377 (full 3):
 PSYoungGen      total 4096K, used 4032K [0x00000000d5580000, 0x00000000d5c80000, 0x0000000100000000)
  eden space 2048K, 100% used [0x00000000d5580000,0x00000000d5780000,0x00000000d5780000)
  from space 2048K, 96% used [0x00000000d5780000,0x00000000d5970000,0x00000000d5980000)
  to   space 2560K, 0% used [0x00000000d5a00000,0x00000000d5a00000,0x00000000d5c80000)
 ParOldGen       total 596992K, used 596800K [0x0000000080000000, 0x00000000a4700000, 0x00000000d5580000)
  object space 596992K, 99% used [0x0000000080000000,0x00000000a46d0070,0x00000000a4700000)
 Metaspace       used 80028K, committed 81792K, reserved 1179648K
  class space    used 8414K, committed 9152K, reserved 1048576K
}
Event: 1616.273 GC heap after
{Heap after GC invocations=377 (full 3):
 PSYoungGen      total 4608K, used 1984K [0x00000000d5580000, 0x00000000d5c00000, 0x0000000100000000)
  eden space 2560K, 0% used [0x00000000d5580000,0x00000000d5580000,0x00000000d5800000)
  from space 2048K, 96% used [0x00000000d5a00000,0x00000000d5bf0000,0x00000000d5c00000)
  to   space 2048K, 0% used [0x00000000d5800000,0x00000000d5800000,0x00000000d5a00000)
 ParOldGen       total 599040K, used 598632K [0x0000000080000000, 0x00000000a4900000, 0x00000000d5580000)
  object space 599040K, 99% used [0x0000000080000000,0x00000000a489a070,0x00000000a4900000)
 Metaspace       used 80028K, committed 81792K, reserved 1179648K
  class space    used 8414K, committed 9152K, reserved 1048576K
}
Event: 1616.292 GC heap before
{Heap before GC invocations=378 (full 3):
 PSYoungGen      total 4608K, used 4544K [0x00000000d5580000, 0x00000000d5c00000, 0x0000000100000000)
  eden space 2560K, 100% used [0x00000000d5580000,0x00000000d5800000,0x00000000d5800000)
  from space 2048K, 96% used [0x00000000d5a00000,0x00000000d5bf0000,0x00000000d5c00000)
  to   space 2048K, 0% used [0x00000000d5800000,0x00000000d5800000,0x00000000d5a00000)
 ParOldGen       total 599040K, used 598632K [0x0000000080000000, 0x00000000a4900000, 0x00000000d5580000)
  object space 599040K, 99% used [0x0000000080000000,0x00000000a489a070,0x00000000a4900000)
 Metaspace       used 80028K, committed 81792K, reserved 1179648K
  class space    used 8414K, committed 9152K, reserved 1048576K
}
Event: 1616.298 GC heap after
{Heap after GC invocations=378 (full 3):
 PSYoungGen      total 4608K, used 2032K [0x00000000d5580000, 0x00000000d6180000, 0x0000000100000000)
  eden space 2560K, 0% used [0x00000000d5580000,0x00000000d5580000,0x00000000d5800000)
  from space 2048K, 99% used [0x00000000d5800000,0x00000000d59fc000,0x00000000d5a00000)
  to   space 4608K, 0% used [0x00000000d5d00000,0x00000000d5d00000,0x00000000d6180000)
 ParOldGen       total 601088K, used 600576K [0x0000000080000000, 0x00000000a4b00000, 0x00000000d5580000)
  object space 601088K, 99% used [0x0000000080000000,0x00000000a4a80070,0x00000000a4b00000)
 Metaspace       used 80028K, committed 81792K, reserved 1179648K
  class space    used 8414K, committed 9152K, reserved 1048576K
}
Event: 1616.315 GC heap before
{Heap before GC invocations=379 (full 3):
 PSYoungGen      total 4608K, used 4592K [0x00000000d5580000, 0x00000000d6180000, 0x0000000100000000)
  eden space 2560K, 100% used [0x00000000d5580000,0x00000000d5800000,0x00000000d5800000)
  from space 2048K, 99% used [0x00000000d5800000,0x00000000d59fc000,0x00000000d5a00000)
  to   space 4608K, 0% used [0x00000000d5d00000,0x00000000d5d00000,0x00000000d6180000)
 ParOldGen       total 601088K, used 600576K [0x0000000080000000, 0x00000000a4b00000, 0x00000000d5580000)
  object space 601088K, 99% used [0x0000000080000000,0x00000000a4a80070,0x00000000a4b00000)
 Metaspace       used 80028K, committed 81792K, reserved 1179648K
  class space    used 8414K, committed 9152K, reserved 1048576K
}
Event: 1616.319 GC heap after
{Heap after GC invocations=379 (full 3):
 PSYoungGen      total 5632K, used 2147K [0x00000000d5580000, 0x00000000d5f80000, 0x0000000100000000)
  eden space 3072K, 0% used [0x00000000d5580000,0x00000000d5580000,0x00000000d5880000)
  from space 2560K, 83% used [0x00000000d5d00000,0x00000000d5f18d60,0x00000000d5f80000)
  to   space 3072K, 0% used [0x00000000d5980000,0x00000000d5980000,0x00000000d5c80000)
 ParOldGen       total 602112K, used 602104K [0x0000000080000000, 0x00000000a4c00000, 0x00000000d5580000)
  object space 602112K, 99% used [0x0000000080000000,0x00000000a4bfe070,0x00000000a4c00000)
 Metaspace       used 80028K, committed 81792K, reserved 1179648K
  class space    used 8414K, committed 9152K, reserved 1048576K
}
Event: 1616.341 GC heap before
{Heap before GC invocations=380 (full 3):
 PSYoungGen      total 5632K, used 5219K [0x00000000d5580000, 0x00000000d5f80000, 0x0000000100000000)
  eden space 3072K, 100% used [0x00000000d5580000,0x00000000d5880000,0x00000000d5880000)
  from space 2560K, 83% used [0x00000000d5d00000,0x00000000d5f18d60,0x00000000d5f80000)
  to   space 3072K, 0% used [0x00000000d5980000,0x00000000d5980000,0x00000000d5c80000)
 ParOldGen       total 602112K, used 602104K [0x0000000080000000, 0x00000000a4c00000, 0x00000000d5580000)
  object space 602112K, 99% used [0x0000000080000000,0x00000000a4bfe070,0x00000000a4c00000)
 Metaspace       used 80028K, committed 81792K, reserved 1179648K
  class space    used 8414K, committed 9152K, reserved 1048576K
}
Event: 1616.344 GC heap after
{Heap after GC invocations=380 (full 3):
 PSYoungGen      total 5632K, used 2064K [0x00000000d5580000, 0x00000000d5d80000, 0x0000000100000000)
  eden space 3072K, 0% used [0x00000000d5580000,0x00000000d5580000,0x00000000d5880000)
  from space 2560K, 80% used [0x00000000d5980000,0x00000000d5b84000,0x00000000d5c00000)
  to   space 1536K, 0% used [0x00000000d5c00000,0x00000000d5c00000,0x00000000d5d80000)
 ParOldGen       total 604160K, used 604155K [0x0000000080000000, 0x00000000a4e00000, 0x00000000d5580000)
  object space 604160K, 99% used [0x0000000080000000,0x00000000a4dfedd0,0x00000000a4e00000)
 Metaspace       used 80028K, committed 81792K, reserved 1179648K
  class space    used 8414K, committed 9152K, reserved 1048576K
}
Event: 1616.462 GC heap before
{Heap before GC invocations=381 (full 3):
 PSYoungGen      total 5632K, used 4383K [0x00000000d5580000, 0x00000000d5d80000, 0x0000000100000000)
  eden space 3072K, 75% used [0x00000000d5580000,0x00000000d57c3d70,0x00000000d5880000)
  from space 2560K, 80% used [0x00000000d5980000,0x00000000d5b84000,0x00000000d5c00000)
  to   space 1536K, 0% used [0x00000000d5c00000,0x00000000d5c00000,0x00000000d5d80000)
 ParOldGen       total 604160K, used 604155K [0x0000000080000000, 0x00000000a4e00000, 0x00000000d5580000)
  object space 604160K, 99% used [0x0000000080000000,0x00000000a4dfedd0,0x00000000a4e00000)
 Metaspace       used 80041K, committed 81792K, reserved 1179648K
  class space    used 8415K, committed 9152K, reserved 1048576K
}
Event: 1616.467 GC heap after
{Heap after GC invocations=381 (full 3):
 PSYoungGen      total 3584K, used 304K [0x00000000d5580000, 0x00000000d5c80000, 0x0000000100000000)
  eden space 3072K, 0% used [0x00000000d5580000,0x00000000d5580000,0x00000000d5880000)
  from space 512K, 59% used [0x00000000d5c00000,0x00000000d5c4c010,0x00000000d5c80000)
  to   space 1024K, 0% used [0x00000000d5a80000,0x00000000d5a80000,0x00000000d5b80000)
 ParOldGen       total 606208K, used 606123K [0x0000000080000000, 0x00000000a5000000, 0x00000000d5580000)
  object space 606208K, 99% used [0x0000000080000000,0x00000000a4feadd0,0x00000000a5000000)
 Metaspace       used 80041K, committed 81792K, reserved 1179648K
  class space    used 8415K, committed 9152K, reserved 1048576K
}
Event: 1616.467 GC heap before
{Heap before GC invocations=382 (full 4):
 PSYoungGen      total 3584K, used 304K [0x00000000d5580000, 0x00000000d5c80000, 0x0000000100000000)
  eden space 3072K, 0% used [0x00000000d5580000,0x00000000d5580000,0x00000000d5880000)
  from space 512K, 59% used [0x00000000d5c00000,0x00000000d5c4c010,0x00000000d5c80000)
  to   space 1024K, 0% used [0x00000000d5a80000,0x00000000d5a80000,0x00000000d5b80000)
 ParOldGen       total 606208K, used 606123K [0x0000000080000000, 0x00000000a5000000, 0x00000000d5580000)
  object space 606208K, 99% used [0x0000000080000000,0x00000000a4feadd0,0x00000000a5000000)
 Metaspace       used 80041K, committed 81792K, reserved 1179648K
  class space    used 8415K, committed 9152K, reserved 1048576K
}
Event: 1616.667 GC heap after
{Heap after GC invocations=382 (full 4):
 PSYoungGen      total 3584K, used 0K [0x00000000d5580000, 0x00000000d5c80000, 0x0000000100000000)
  eden space 3072K, 0% used [0x00000000d5580000,0x00000000d5580000,0x00000000d5880000)
  from space 512K, 0% used [0x00000000d5c00000,0x00000000d5c00000,0x00000000d5c80000)
  to   space 1024K, 0% used [0x00000000d5a80000,0x00000000d5a80000,0x00000000d5b80000)
 ParOldGen       total 606208K, used 222079K [0x0000000080000000, 0x00000000a5000000, 0x00000000d5580000)
  object space 606208K, 36% used [0x0000000080000000,0x000000008d8dfdf8,0x00000000a5000000)
 Metaspace       used 80034K, committed 81792K, reserved 1179648K
  class space    used 8413K, committed 9152K, reserved 1048576K
}
Event: 1616.733 GC heap before
{Heap before GC invocations=383 (full 4):
 PSYoungGen      total 3584K, used 3072K [0x00000000d5580000, 0x00000000d5c80000, 0x0000000100000000)
  eden space 3072K, 100% used [0x00000000d5580000,0x00000000d5880000,0x00000000d5880000)
  from space 512K, 0% used [0x00000000d5c00000,0x00000000d5c00000,0x00000000d5c80000)
  to   space 1024K, 0% used [0x00000000d5a80000,0x00000000d5a80000,0x00000000d5b80000)
 ParOldGen       total 606208K, used 222079K [0x0000000080000000, 0x00000000a5000000, 0x00000000d5580000)
  object space 606208K, 36% used [0x0000000080000000,0x000000008d8dfdf8,0x00000000a5000000)
 Metaspace       used 80082K, committed 81856K, reserved 1179648K
  class space    used 8414K, committed 9152K, reserved 1048576K
}
Event: 1616.735 GC heap after
{Heap after GC invocations=383 (full 4):
 PSYoungGen      total 4096K, used 704K [0x00000000d5580000, 0x00000000d5c80000, 0x0000000100000000)
  eden space 3072K, 0% used [0x00000000d5580000,0x00000000d5580000,0x00000000d5880000)
  from space 1024K, 68% used [0x00000000d5a80000,0x00000000d5b30040,0x00000000d5b80000)
  to   space 1024K, 0% used [0x00000000d5b80000,0x00000000d5b80000,0x00000000d5c80000)
 ParOldGen       total 606208K, used 222087K [0x0000000080000000, 0x00000000a5000000, 0x00000000d5580000)
  object space 606208K, 36% used [0x0000000080000000,0x000000008d8e1df8,0x00000000a5000000)
 Metaspace       used 80082K, committed 81856K, reserved 1179648K
  class space    used 8414K, committed 9152K, reserved 1048576K
}

